<?xml version="1.0" encoding="UTF-8"?>
<!-- Generated by org.testng.reporters.JUnitXMLReporter -->
<testsuite hostname="DESKTOP-V6KFFFL" failures="0" tests="4" name="Command line test 1d865f12-6d4f-4b0e-a9dd-0adb7a4dea64" time="21.799" errors="0" timestamp="19 Jan 2021 07:02:13 GMT">
  <testcase classname="org.testing.Testscripts.TC4" name="@BeforeMethod initi" time="0.0">
    <failure type="org.openqa.selenium.WebDriverException" message="unknown error: net::ERR_INTERNET_DISCONNECTED
  (Session info: chrome=87.0.4280.141)
Build info: version: &amp;apos;3.141.59&amp;apos;, revision: &amp;apos;e82be7d358&amp;apos;, time: &amp;apos;2018-11-14T08:25:48&amp;apos;
System info: host: &amp;apos;DESKTOP-V6KFFFL&amp;apos;, ip: &amp;apos;127.0.0.1&amp;apos;, os.name: &amp;apos;Windows 10&amp;apos;, os.arch: &amp;apos;amd64&amp;apos;, os.version: &amp;apos;10.0&amp;apos;, java.version: &amp;apos;14.0.2&amp;apos;
Driver info: org.openqa.selenium.chrome.ChromeDriver
Capabilities {acceptInsecureCerts: false, browserName: chrome, browserVersion: 87.0.4280.141, chrome: {chromedriverVersion: 87.0.4280.88 (89e2380a3e36c..., userDataDir: C:\Users\Khatib\AppData\Loc...}, goog:chromeOptions: {debuggerAddress: localhost:58501}, javascriptEnabled: true, networkConnectionEnabled: false, pageLoadStrategy: normal, platform: WINDOWS, platformName: WINDOWS, proxy: Proxy(), setWindowRect: true, strictFileInteractability: false, timeouts: {implicit: 0, pageLoad: 300000, script: 30000}, unhandledPromptBehavior: dismiss and notify, webauthn:virtualAuthenticators: true}
Session ID: c20b992af1f4b1afbe58faa28d0e7931">
      <![CDATA[org.openqa.selenium.WebDriverException: unknown error: net::ERR_INTERNET_DISCONNECTED
  (Session info: chrome=87.0.4280.141)
Build info: version: '3.141.59', revision: 'e82be7d358', time: '2018-11-14T08:25:48'
System info: host: 'DESKTOP-V6KFFFL', ip: '127.0.0.1', os.name: 'Windows 10', os.arch: 'amd64', os.version: '10.0', java.version: '14.0.2'
Driver info: org.openqa.selenium.chrome.ChromeDriver
Capabilities {acceptInsecureCerts: false, browserName: chrome, browserVersion: 87.0.4280.141, chrome: {chromedriverVersion: 87.0.4280.88 (89e2380a3e36c..., userDataDir: C:\Users\Khatib\AppData\Loc...}, goog:chromeOptions: {debuggerAddress: localhost:58501}, javascriptEnabled: true, networkConnectionEnabled: false, pageLoadStrategy: normal, platform: WINDOWS, platformName: WINDOWS, proxy: Proxy(), setWindowRect: true, strictFileInteractability: false, timeouts: {implicit: 0, pageLoad: 300000, script: 30000}, unhandledPromptBehavior: dismiss and notify, webauthn:virtualAuthenticators: true}
Session ID: c20b992af1f4b1afbe58faa28d0e7931
	at org.openqa.selenium.remote.http.W3CHttpResponseCodec.createException(W3CHttpResponseCodec.java:187)
	at org.openqa.selenium.remote.http.W3CHttpResponseCodec.decode(W3CHttpResponseCodec.java:122)
	at org.openqa.selenium.remote.http.W3CHttpResponseCodec.decode(W3CHttpResponseCodec.java:49)
	at org.openqa.selenium.remote.HttpCommandExecutor.execute(HttpCommandExecutor.java:158)
	at org.openqa.selenium.remote.service.DriverCommandExecutor.execute(DriverCommandExecutor.java:83)
	at org.openqa.selenium.remote.RemoteWebDriver.execute(RemoteWebDriver.java:552)
	at org.openqa.selenium.remote.RemoteWebDriver.get(RemoteWebDriver.java:277)
	at org.testing.Base.Base.initi(Base.java:26)
	at org.testing.runner.runner.main(runner.java:69)
... Removed 28 stack frames]]>
    </failure>
  </testcase> <!-- @BeforeMethod initi -->
  <testcase classname="org.testing.Testscripts.TC4" name="@AfterMethod After" time="0.0">
    <skipped/>
  </testcase> <!-- @AfterMethod After -->
  <testcase classname="org.testing.Testscripts.TC5" name="@BeforeMethod initi" time="0.0">
    <skipped/>
  </testcase> <!-- @BeforeMethod initi -->
  <testcase classname="org.testing.Testscripts.TC5" name="@AfterMethod After" time="0.0">
    <skipped/>
  </testcase> <!-- @AfterMethod After -->
  <testcase classname="org.testing.Testscripts.TC6" name="@BeforeMethod initi" time="0.0">
    <skipped/>
  </testcase> <!-- @BeforeMethod initi -->
  <testcase classname="org.testing.Testscripts.TC6" name="@AfterMethod After" time="0.0">
    <skipped/>
  </testcase> <!-- @AfterMethod After -->
  <testcase classname="org.testing.Testscripts.TC8" name="@BeforeMethod initi" time="0.0">
    <skipped/>
  </testcase> <!-- @BeforeMethod initi -->
  <testcase classname="org.testing.Testscripts.TC8" name="@AfterMethod After" time="0.0">
    <skipped/>
  </testcase> <!-- @AfterMethod After -->
  <testcase classname="org.testing.Testscripts.TC4" name="TestCase4" time="0.0">
    <skipped/>
  </testcase> <!-- TestCase4 -->
  <testcase classname="org.testing.Testscripts.TC5" name="TestCase5" time="0.0">
    <skipped/>
  </testcase> <!-- TestCase5 -->
  <testcase classname="org.testing.Testscripts.TC6" name="TestCase6" time="0.0">
    <skipped/>
  </testcase> <!-- TestCase6 -->
  <testcase classname="org.testing.Testscripts.TC8" name="TestCase8" time="0.0">
    <skipped/>
  </testcase> <!-- TestCase8 -->
</testsuite> <!-- Command line test 1d865f12-6d4f-4b0e-a9dd-0adb7a4dea64 -->
